<?xml version="1.0" encoding="UTF-8"?>
<!-- Generated by org.testng.reporters.JUnitReportReporter -->
<testsuite hostname="saramise-mac" failures="0" tests="2" name="shoppingsite.tests.errorValidations" time="25.371" errors="0" timestamp="2023-12-28T22:50:54 IST" skipped="0">
  <testcase classname="shoppingsite.tests.errorValidations" name="loginErrorCheck" time="4.480"/>
  <testcase classname="shoppingsite.tests.errorValidations" name="ProductNameErrorCheck" time="20.891"/>
</testsuite> <!-- shoppingsite.tests.errorValidations -->
