<?xml version="1.0" encoding="UTF-8"?>
<!-- Generated by org.testng.reporters.JUnitReportReporter -->
<testsuite hostname="saramise-mac" failures="0" tests="2" name="shoppingsite.tests.SubmitOrderTest" time="27.550" errors="0" timestamp="2023-12-28T23:17:03 IST" skipped="0">
  <testcase classname="shoppingsite.tests.SubmitOrderTest" name="SubmitOrder" time="23.227"/>
  <testcase classname="shoppingsite.tests.SubmitOrderTest" name="OrderHistoryTest" time="4.323"/>
</testsuite> <!-- shoppingsite.tests.SubmitOrderTest -->
