<?xml version="1.0" encoding="UTF-8"?>
<!-- Generated by org.testng.reporters.JUnitReportReporter -->
<testsuite hostname="saramise-mac" failures="0" tests="4" name="shoppingsite.tests.SubmitOrderTest" time="37.989" errors="0" timestamp="2023-12-30T23:06:19 IST" skipped="0">
  <testcase classname="shoppingsite.tests.SubmitOrderTest" name="SubmitOrder" time="14.670"/>
  <testcase classname="shoppingsite.tests.SubmitOrderTest" name="OrderHistoryTest" time="4.365"/>
  <testcase classname="shoppingsite.tests.SubmitOrderTest" name="OrderHistoryTest" time="5.713"/>
  <testcase classname="shoppingsite.tests.SubmitOrderTest" name="SubmitOrder" time="13.241"/>
</testsuite> <!-- shoppingsite.tests.SubmitOrderTest -->
