<?xml version="1.0" encoding="UTF-8"?>
<!-- Generated by org.testng.reporters.JUnitReportReporter -->
<testsuite hostname="saramise-mac" failures="0" tests="1" name="shoppingsite.tests.SubmitOrderTest" time="21.118" errors="0" timestamp="2023-12-28T22:50:54 IST" skipped="0">
  <testcase classname="shoppingsite.tests.SubmitOrderTest" name="SubmitOrder" time="21.118"/>
</testsuite> <!-- shoppingsite.tests.SubmitOrderTest -->
