<?xml version="1.0" encoding="UTF-8"?>
<!-- Generated by org.testng.reporters.JUnitReportReporter -->
<testsuite hostname="saramise-mac" failures="0" tests="1" name="datadriven.getExcelData" time="0.285" errors="0" timestamp="2024-01-06T12:19:16 IST" skipped="0">
  <testcase classname="datadriven.getExcelData" name="getexcelinfo" time="0.285"/>
</testsuite> <!-- datadriven.getExcelData -->
