<?xml version="1.0" encoding="UTF-8"?>
<!-- Generated by org.testng.reporters.JUnitReportReporter -->
<testsuite hostname="saramise-mac" failures="0" tests="1" name="shoppingsite.tests.errorValidations" time="5.009" errors="0" timestamp="2023-12-28T23:24:00 IST" skipped="0">
  <testcase classname="shoppingsite.tests.errorValidations" name="loginErrorCheck" time="5.009"/>
</testsuite> <!-- shoppingsite.tests.errorValidations -->
