<?xml version="1.0" encoding="UTF-8"?>
<!-- Generated by org.testng.reporters.JUnitReportReporter -->
<testsuite hostname="saramise-mac" failures="0" tests="1" name="cucumber.TestNGTestRunner" time="13.154" errors="0" timestamp="2024-01-01T15:57:23 IST" skipped="0">
  <testcase classname="cucumber.TestNGTestRunner" name="runScenario" time="13.154"/>
</testsuite> <!-- cucumber.TestNGTestRunner -->
