<?xml version="1.0" encoding="UTF-8"?>
<!-- Generated by org.testng.reporters.JUnitReportReporter -->
<testsuite hostname="saramise-mac" failures="0" tests="5" name="datadriven.dataproviderexcel" time="0.003" errors="0" timestamp="2024-01-06T13:27:03 IST" skipped="0">
  <testcase classname="datadriven.dataproviderexcel" name="dataprovidercalls" time="0.001"/>
  <testcase classname="datadriven.dataproviderexcel" name="dataprovidercalls" time="0.000"/>
  <testcase classname="datadriven.dataproviderexcel" name="dataprovidercalls" time="0.000"/>
  <testcase classname="datadriven.dataproviderexcel" name="dataprovidercalls" time="0.000"/>
  <testcase classname="datadriven.dataproviderexcel" name="dataprovidercalls" time="0.002"/>
</testsuite> <!-- datadriven.dataproviderexcel -->
